#-----------------------------------------------------------
# Vivado v2018.3 (64-bit)
# SW Build 2405991 on Thu Dec  6 23:38:27 MST 2018
# IP Build 2404404 on Fri Dec  7 01:43:56 MST 2018
# Start of session at: Thu Apr  8 11:42:02 2021
# Process ID: 19324
# Current directory: D:/desktop/study_document/.microelectronic/DLX_proj/MS_Project/Design/Data Path/components/project_1
# Command line: vivado.exe -gui_launcher_event rodinguilauncherevent16196 D:\desktop\study_document\.microelectronic\DLX_proj\MS_Project\Design\Data Path\components\project_1\project_1.xpr
# Log file: D:/desktop/study_document/.microelectronic/DLX_proj/MS_Project/Design/Data Path/components/project_1/vivado.log
# Journal file: D:/desktop/study_document/.microelectronic/DLX_proj/MS_Project/Design/Data Path/components/project_1\vivado.jou
#-----------------------------------------------------------
start_gui
open_project {D:/desktop/study_document/.microelectronic/DLX_proj/MS_Project/Design/Data Path/components/project_1/project_1.xpr}
INFO: [ProjectBase 1-489] The host OS only allows 260 characters in a normal path. The project is stored in a path with more than 80 characters. If you experience issues with IP, Block Designs, or files not being found, please consider moving the project to a location with a shorter path. Alternately consider using the OS subst command to map part of the path to a drive letter.
Current project path is 'D:/desktop/study_document/.microelectronic/DLX_proj/MS_Project/Design/Data Path/components/project_1'
Scanning sources...
Finished scanning sources
INFO: [IP_Flow 19-234] Refreshing IP repositories
INFO: [IP_Flow 19-1704] No user IP repositories specified
INFO: [IP_Flow 19-2313] Loaded Vivado IP repository 'D:/vivado/XILINX/Vivado/2018.3/data/ip'.
update_compile_order -fileset sources_1
exit
INFO: [Common 17-206] Exiting Vivado at Thu Apr  8 17:41:20 2021...
